<?xml version="1.0" encoding="UTF-8"?>
<testng-results skipped="0" failed="0" ignored="0" total="1" passed="1">
  <reporter-output>
  </reporter-output>
  <suite name="Default suite" duration-ms="8451" started-at="2018-10-28T01:55:01Z" finished-at="2018-10-28T01:55:09Z">
    <groups>
    </groups>
    <test name="Default test" duration-ms="8451" started-at="2018-10-28T01:55:01Z" finished-at="2018-10-28T01:55:09Z">
      <class name="test_fbLoging.TC1_LoginWithInvalidPass">
        <test-method status="PASS" signature="BeforeTestStart()[pri:0, instance:test_fbLoging.TC1_LoginWithInvalidPass@39aeed2f]" name="BeforeTestStart" is-config="true" duration-ms="6392" started-at="2018-10-28T01:55:01Z" finished-at="2018-10-28T01:55:07Z">
          <reporter-output>
          </reporter-output>
        </test-method> <!-- BeforeTestStart -->
        <test-method status="PASS" signature="fbLoginWithInvalidPassword()[pri:0, instance:test_fbLoging.TC1_LoginWithInvalidPass@39aeed2f]" name="fbLoginWithInvalidPassword" duration-ms="2034" started-at="2018-10-28T01:55:07Z" finished-at="2018-10-28T01:55:09Z">
          <reporter-output>
          </reporter-output>
        </test-method> <!-- fbLoginWithInvalidPassword -->
      </class> <!-- test_fbLoging.TC1_LoginWithInvalidPass -->
    </test> <!-- Default test -->
  </suite> <!-- Default suite -->
</testng-results>
